

*******************************************************************************
Wed May  1 14:57:29 2019


FIT:    data read from ARG1 u 1:2
        format = x:z
        #datapoints = 50001
        residuals are weighted equally (unit weight)

function used for fitting: f(x)
	f(x) = a*x + b
fitted parameters initialized with current variable values

iter      chisq       delta/lim  lambda   a             b            
   0 8.9201026785e+16   0.00e+00  8.90e+04    1.000000e+00   1.000000e+00
   2 3.9261123158e+12  -2.38e-01  8.90e+02    1.161451e+01   9.470217e-01

After 2 iterations the fit converged.
final sum of squares of residuals : 3.92611e+12
rel. change during last iteration : -2.38307e-06

degrees of freedom    (FIT_NDF)                        : 49999
rms of residuals      (FIT_STDFIT) = sqrt(WSSR/ndf)    : 8861.37
variance of residuals (reduced chisquare) = WSSR/ndf   : 7.85238e+07

Final set of parameters            Asymptotic Standard Error
=======================            ==========================
a               = 11.6145          +/- 0.002746     (0.02364%)
b               = 0.947022         +/- 345.5        (3.648e+04%)

correlation matrix of the fit parameters:
                a      b      
a               1.000 
b              -0.993  1.000 
